mode: set
github.com/happy-sdk/happy/pkg/fsutils/pidfile/pidfile.go:23.65,25.16 2 1
github.com/happy-sdk/happy/pkg/fsutils/pidfile/pidfile.go:25.16,27.3 1 1
github.com/happy-sdk/happy/pkg/fsutils/pidfile/pidfile.go:29.2,30.33 2 1
github.com/happy-sdk/happy/pkg/fsutils/pidfile/pidfile.go:30.33,33.3 2 0
github.com/happy-sdk/happy/pkg/fsutils/pidfile/pidfile.go:35.2,35.13 1 1
github.com/happy-sdk/happy/pkg/fsutils/pidfile/pidfile.go:35.13,37.3 1 1
github.com/happy-sdk/happy/pkg/fsutils/pidfile/pidfile.go:39.2,39.52 1 1
github.com/happy-sdk/happy/pkg/fsutils/pidfile/pidfile.go:39.52,41.3 1 0
github.com/happy-sdk/happy/pkg/fsutils/pidfile/pidfile.go:41.8,41.57 1 1
github.com/happy-sdk/happy/pkg/fsutils/pidfile/pidfile.go:41.57,43.3 1 0
github.com/happy-sdk/happy/pkg/fsutils/pidfile/pidfile.go:45.2,45.36 1 1
github.com/happy-sdk/happy/pkg/fsutils/pidfile/pidfile.go:45.36,47.3 1 0
github.com/happy-sdk/happy/pkg/fsutils/pidfile/pidfile.go:48.2,48.25 1 1
github.com/happy-sdk/happy/pkg/fsutils/pidfile/pidfile.go:51.39,53.16 2 1
github.com/happy-sdk/happy/pkg/fsutils/pidfile/pidfile.go:53.16,55.3 1 1
github.com/happy-sdk/happy/pkg/fsutils/pidfile/pidfile.go:56.2,56.25 1 1
github.com/happy-sdk/happy/pkg/fsutils/pidfile/pidfile.go:59.44,60.51 1 1
github.com/happy-sdk/happy/pkg/fsutils/pidfile/pidfile.go:60.51,62.3 1 0
github.com/happy-sdk/happy/pkg/fsutils/pidfile/pidfile.go:63.2,64.16 2 1
github.com/happy-sdk/happy/pkg/fsutils/pidfile/pidfile.go:64.16,66.3 1 0
github.com/happy-sdk/happy/pkg/fsutils/pidfile/pidfile.go:67.2,67.17 1 1
github.com/happy-sdk/happy/pkg/fsutils/pidfile/pidfile.go:71.30,73.2 1 1
github.com/happy-sdk/happy/pkg/fsutils/pidfile/pidfile.go:76.32,78.2 1 1
github.com/happy-sdk/happy/pkg/fsutils/pidfile/pidfile.go:80.32,81.15 1 1
github.com/happy-sdk/happy/pkg/fsutils/pidfile/pidfile.go:81.15,84.3 1 1
github.com/happy-sdk/happy/pkg/fsutils/pidfile/pidfile.go:85.2,85.36 1 1
github.com/happy-sdk/happy/pkg/fsutils/pidfile/pidfile.go:85.36,87.3 1 0
github.com/happy-sdk/happy/pkg/fsutils/pidfile/pidfile.go:88.2,88.29 1 1
github.com/happy-sdk/happy/pkg/fsutils/pidfile/pidfile_unix.go:13.29,15.2 1 1
github.com/happy-sdk/happy/pkg/fsutils/pidfile/pidfile_unix.go:17.31,19.2 1 1
github.com/happy-sdk/happy/pkg/fsutils/directory.go:28.106,30.2 1 1
github.com/happy-sdk/happy/pkg/fsutils/directory.go:36.41,38.78 2 1
github.com/happy-sdk/happy/pkg/fsutils/directory.go:38.78,39.17 1 1
github.com/happy-sdk/happy/pkg/fsutils/directory.go:39.17,41.4 1 1
github.com/happy-sdk/happy/pkg/fsutils/directory.go:42.3,42.41 1 1
github.com/happy-sdk/happy/pkg/fsutils/directory.go:42.41,44.18 2 1
github.com/happy-sdk/happy/pkg/fsutils/directory.go:44.18,46.5 1 0
github.com/happy-sdk/happy/pkg/fsutils/directory.go:47.4,47.23 1 1
github.com/happy-sdk/happy/pkg/fsutils/directory.go:49.3,49.13 1 1
github.com/happy-sdk/happy/pkg/fsutils/directory.go:51.2,51.18 1 1
github.com/happy-sdk/happy/pkg/fsutils/directory.go:59.30,61.16 2 1
github.com/happy-sdk/happy/pkg/fsutils/directory.go:61.16,63.3 1 1
github.com/happy-sdk/happy/pkg/fsutils/directory.go:64.2,64.21 1 1
github.com/happy-sdk/happy/pkg/fsutils/directory.go:67.116,73.47 3 0
github.com/happy-sdk/happy/pkg/fsutils/directory.go:73.47,75.3 1 0
github.com/happy-sdk/happy/pkg/fsutils/directory.go:75.8,75.32 1 0
github.com/happy-sdk/happy/pkg/fsutils/directory.go:75.32,77.3 1 0
github.com/happy-sdk/happy/pkg/fsutils/directory.go:80.2,81.16 2 0
github.com/happy-sdk/happy/pkg/fsutils/directory.go:81.16,83.3 1 0
github.com/happy-sdk/happy/pkg/fsutils/directory.go:84.2,84.22 1 0
github.com/happy-sdk/happy/pkg/fsutils/directory.go:84.22,86.3 1 0
github.com/happy-sdk/happy/pkg/fsutils/directory.go:89.2,89.70 1 0
github.com/happy-sdk/happy/pkg/fsutils/directory.go:89.70,91.3 1 0
github.com/happy-sdk/happy/pkg/fsutils/directory.go:94.2,96.16 3 0
github.com/happy-sdk/happy/pkg/fsutils/directory.go:96.16,98.3 1 0
github.com/happy-sdk/happy/pkg/fsutils/directory.go:101.2,107.46 4 0
github.com/happy-sdk/happy/pkg/fsutils/directory.go:107.46,109.46 1 0
github.com/happy-sdk/happy/pkg/fsutils/directory.go:109.46,111.4 1 0
github.com/happy-sdk/happy/pkg/fsutils/directory.go:112.3,112.46 1 0
github.com/happy-sdk/happy/pkg/fsutils/directory.go:112.46,114.4 1 0
github.com/happy-sdk/happy/pkg/fsutils/directory.go:115.3,115.47 1 0
github.com/happy-sdk/happy/pkg/fsutils/directory.go:115.47,117.4 1 0
github.com/happy-sdk/happy/pkg/fsutils/directory.go:120.3,120.35 1 0
github.com/happy-sdk/happy/pkg/fsutils/directory.go:120.35,121.57 1 0
github.com/happy-sdk/happy/pkg/fsutils/directory.go:121.57,123.48 2 0
github.com/happy-sdk/happy/pkg/fsutils/directory.go:123.48,125.6 1 0
github.com/happy-sdk/happy/pkg/fsutils/directory.go:127.9,129.45 1 0
github.com/happy-sdk/happy/pkg/fsutils/directory.go:129.45,131.5 1 0
github.com/happy-sdk/happy/pkg/fsutils/directory.go:133.3,133.32 1 0
github.com/happy-sdk/happy/pkg/fsutils/directory.go:137.2,138.83 2 0
github.com/happy-sdk/happy/pkg/fsutils/directory.go:138.83,139.17 1 0
github.com/happy-sdk/happy/pkg/fsutils/directory.go:139.17,141.4 1 0
github.com/happy-sdk/happy/pkg/fsutils/directory.go:144.3,144.97 1 0
github.com/happy-sdk/happy/pkg/fsutils/directory.go:144.97,146.4 1 0
github.com/happy-sdk/happy/pkg/fsutils/directory.go:148.3,149.13 2 0
github.com/happy-sdk/happy/pkg/fsutils/directory.go:151.2,151.16 1 0
github.com/happy-sdk/happy/pkg/fsutils/directory.go:151.16,153.3 1 0
github.com/happy-sdk/happy/pkg/fsutils/directory.go:156.2,163.38 5 0
github.com/happy-sdk/happy/pkg/fsutils/directory.go:163.38,165.23 1 0
github.com/happy-sdk/happy/pkg/fsutils/directory.go:165.23,167.4 1 0
github.com/happy-sdk/happy/pkg/fsutils/directory.go:169.3,171.10 2 0
github.com/happy-sdk/happy/pkg/fsutils/directory.go:172.26,172.26 0 0
github.com/happy-sdk/happy/pkg/fsutils/directory.go:173.21,174.79 1 0
github.com/happy-sdk/happy/pkg/fsutils/directory.go:177.3,178.13 2 0
github.com/happy-sdk/happy/pkg/fsutils/directory.go:178.13,180.17 2 0
github.com/happy-sdk/happy/pkg/fsutils/directory.go:180.17,180.26 1 0
github.com/happy-sdk/happy/pkg/fsutils/directory.go:183.4,184.18 2 0
github.com/happy-sdk/happy/pkg/fsutils/directory.go:184.18,185.27 1 0
github.com/happy-sdk/happy/pkg/fsutils/directory.go:185.27,188.6 1 0
github.com/happy-sdk/happy/pkg/fsutils/directory.go:189.5,190.11 2 0
github.com/happy-sdk/happy/pkg/fsutils/directory.go:194.4,195.18 2 0
github.com/happy-sdk/happy/pkg/fsutils/directory.go:195.18,198.5 2 0
github.com/happy-sdk/happy/pkg/fsutils/directory.go:201.4,201.65 1 0
github.com/happy-sdk/happy/pkg/fsutils/directory.go:201.65,204.5 2 0
github.com/happy-sdk/happy/pkg/fsutils/directory.go:207.4,207.39 1 0
github.com/happy-sdk/happy/pkg/fsutils/directory.go:207.39,208.61 1 0
github.com/happy-sdk/happy/pkg/fsutils/directory.go:208.61,211.6 2 0
github.com/happy-sdk/happy/pkg/fsutils/directory.go:215.4,218.49 3 0
github.com/happy-sdk/happy/pkg/fsutils/directory.go:218.49,221.5 2 0
github.com/happy-sdk/happy/pkg/fsutils/directory.go:224.4,224.38 1 0
github.com/happy-sdk/happy/pkg/fsutils/directory.go:224.38,226.19 2 0
github.com/happy-sdk/happy/pkg/fsutils/directory.go:226.19,227.28 1 0
github.com/happy-sdk/happy/pkg/fsutils/directory.go:227.28,231.7 2 0
github.com/happy-sdk/happy/pkg/fsutils/directory.go:232.6,233.12 2 0
github.com/happy-sdk/happy/pkg/fsutils/directory.go:235.5,235.18 1 0
github.com/happy-sdk/happy/pkg/fsutils/directory.go:235.18,236.38 1 0
github.com/happy-sdk/happy/pkg/fsutils/directory.go:236.38,238.7 1 0
github.com/happy-sdk/happy/pkg/fsutils/directory.go:241.5,241.45 1 0
github.com/happy-sdk/happy/pkg/fsutils/directory.go:241.45,244.6 2 0
github.com/happy-sdk/happy/pkg/fsutils/directory.go:250.2,254.27 3 0
github.com/happy-sdk/happy/pkg/fsutils/directory.go:254.27,256.3 1 0
github.com/happy-sdk/happy/pkg/fsutils/directory.go:258.2,261.16 2 0
github.com/happy-sdk/happy/pkg/fsutils/directory.go:261.16,263.3 1 0
github.com/happy-sdk/happy/pkg/fsutils/directory.go:266.2,269.70 2 0
github.com/happy-sdk/happy/pkg/fsutils/directory.go:272.109,276.37 3 0
github.com/happy-sdk/happy/pkg/fsutils/directory.go:276.37,279.23 1 0
github.com/happy-sdk/happy/pkg/fsutils/directory.go:279.23,281.4 1 0
github.com/happy-sdk/happy/pkg/fsutils/directory.go:283.3,285.10 2 0
github.com/happy-sdk/happy/pkg/fsutils/directory.go:286.26,286.26 0 0
github.com/happy-sdk/happy/pkg/fsutils/directory.go:287.21,288.67 1 0
github.com/happy-sdk/happy/pkg/fsutils/directory.go:291.3,292.13 2 0
github.com/happy-sdk/happy/pkg/fsutils/directory.go:292.13,294.17 2 0
github.com/happy-sdk/happy/pkg/fsutils/directory.go:294.17,294.26 1 0
github.com/happy-sdk/happy/pkg/fsutils/directory.go:297.4,298.36 2 0
github.com/happy-sdk/happy/pkg/fsutils/directory.go:298.36,299.25 1 0
github.com/happy-sdk/happy/pkg/fsutils/directory.go:299.25,302.6 2 0
github.com/happy-sdk/happy/pkg/fsutils/directory.go:304.5,305.53 2 0
github.com/happy-sdk/happy/pkg/fsutils/directory.go:305.53,307.6 1 0
github.com/happy-sdk/happy/pkg/fsutils/directory.go:310.5,310.86 1 0
github.com/happy-sdk/happy/pkg/fsutils/directory.go:310.86,314.13 2 0
github.com/happy-sdk/happy/pkg/fsutils/directory.go:315.33,316.15 1 0
github.com/happy-sdk/happy/pkg/fsutils/directory.go:317.24,319.13 2 0
github.com/happy-sdk/happy/pkg/fsutils/directory.go:324.5,325.11 2 0
github.com/happy-sdk/happy/pkg/fsutils/directory.go:331.2,336.27 4 0
github.com/happy-sdk/happy/pkg/fsutils/directory.go:336.27,338.3 1 0
github.com/happy-sdk/happy/pkg/fsutils/directory.go:340.2,340.21 1 0
github.com/happy-sdk/happy/pkg/fsutils/directory.go:340.21,343.3 1 0
github.com/happy-sdk/happy/pkg/fsutils/directory.go:346.2,346.65 1 0
github.com/happy-sdk/happy/pkg/fsutils/directory.go:346.65,348.32 1 0
github.com/happy-sdk/happy/pkg/fsutils/directory.go:348.32,350.4 1 0
github.com/happy-sdk/happy/pkg/fsutils/directory.go:353.2,353.12 1 0
github.com/happy-sdk/happy/pkg/fsutils/directory.go:357.42,358.44 1 0
github.com/happy-sdk/happy/pkg/fsutils/directory.go:358.44,360.3 1 0
github.com/happy-sdk/happy/pkg/fsutils/directory.go:361.2,361.14 1 0
github.com/happy-sdk/happy/pkg/fsutils/directory.go:365.39,366.44 1 0
github.com/happy-sdk/happy/pkg/fsutils/directory.go:366.44,367.22 1 0
github.com/happy-sdk/happy/pkg/fsutils/directory.go:368.55,369.15 1 0
github.com/happy-sdk/happy/pkg/fsutils/directory.go:372.2,372.14 1 0
github.com/happy-sdk/happy/pkg/fsutils/fsutils.go:42.50,44.2 1 1
github.com/happy-sdk/happy/pkg/fsutils/fsutils.go:47.65,48.40 1 1
github.com/happy-sdk/happy/pkg/fsutils/fsutils.go:48.40,50.3 1 1
github.com/happy-sdk/happy/pkg/fsutils/fsutils.go:51.2,51.80 1 1
github.com/happy-sdk/happy/pkg/fsutils/fsutils.go:51.80,52.17 1 1
github.com/happy-sdk/happy/pkg/fsutils/fsutils.go:52.17,54.4 1 0
github.com/happy-sdk/happy/pkg/fsutils/fsutils.go:55.3,55.16 1 1
github.com/happy-sdk/happy/pkg/fsutils/fsutils.go:55.16,57.4 1 1
github.com/happy-sdk/happy/pkg/fsutils/fsutils.go:57.9,57.34 1 1
github.com/happy-sdk/happy/pkg/fsutils/fsutils.go:57.34,59.4 1 1
github.com/happy-sdk/happy/pkg/fsutils/fsutils.go:60.3,60.13 1 1
github.com/happy-sdk/happy/pkg/fsutils/fsutils.go:62.2,62.25 1 1
github.com/happy-sdk/happy/pkg/fsutils/fsutils.go:67.53,69.2 1 1
github.com/happy-sdk/happy/pkg/fsutils/fsutils.go:72.48,74.2 1 1
github.com/happy-sdk/happy/pkg/fsutils/fsutils.go:76.60,79.16 2 1
github.com/happy-sdk/happy/pkg/fsutils/fsutils.go:79.16,81.3 1 0
github.com/happy-sdk/happy/pkg/fsutils/fsutils.go:83.2,84.16 2 1
github.com/happy-sdk/happy/pkg/fsutils/fsutils.go:84.16,86.3 1 0
github.com/happy-sdk/happy/pkg/fsutils/fsutils.go:88.2,89.16 2 1
github.com/happy-sdk/happy/pkg/fsutils/fsutils.go:89.16,91.3 1 0
github.com/happy-sdk/happy/pkg/fsutils/fsutils.go:94.2,99.52 1 1
github.com/happy-sdk/happy/pkg/fsutils/fsutils.go:104.34,106.16 2 1
github.com/happy-sdk/happy/pkg/fsutils/fsutils.go:106.16,108.3 1 1
github.com/happy-sdk/happy/pkg/fsutils/fsutils.go:109.2,109.32 1 1
github.com/happy-sdk/happy/pkg/fsutils/fsutils.go:113.34,115.16 2 1
github.com/happy-sdk/happy/pkg/fsutils/fsutils.go:115.16,117.3 1 1
github.com/happy-sdk/happy/pkg/fsutils/fsutils.go:118.2,118.40 1 1
github.com/happy-sdk/happy/pkg/fsutils/fsutils.go:124.50,126.2 1 1
github.com/happy-sdk/happy/pkg/fsutils/fsutils.go:129.42,131.2 1 1
github.com/happy-sdk/happy/pkg/fsutils/fsutils.go:134.41,135.22 1 1
github.com/happy-sdk/happy/pkg/fsutils/fsutils.go:136.15,137.61 1 1
github.com/happy-sdk/happy/pkg/fsutils/fsutils.go:137.61,139.4 1 0
github.com/happy-sdk/happy/pkg/fsutils/fsutils.go:140.3,141.57 2 1
github.com/happy-sdk/happy/pkg/fsutils/fsutils.go:142.16,144.72 2 0
github.com/happy-sdk/happy/pkg/fsutils/fsutils.go:145.17,146.53 1 0
github.com/happy-sdk/happy/pkg/fsutils/fsutils.go:146.53,148.4 1 0
github.com/happy-sdk/happy/pkg/fsutils/fsutils.go:149.3,149.80 1 0
github.com/happy-sdk/happy/pkg/fsutils/fsutils.go:150.10,152.50 2 0
github.com/happy-sdk/happy/pkg/fsutils/fsutils.go:157.44,159.2 1 1
github.com/happy-sdk/happy/pkg/fsutils/fsutils.go:162.42,163.22 1 1
github.com/happy-sdk/happy/pkg/fsutils/fsutils.go:164.15,165.64 1 1
github.com/happy-sdk/happy/pkg/fsutils/fsutils.go:165.64,167.4 1 0
github.com/happy-sdk/happy/pkg/fsutils/fsutils.go:168.3,169.57 2 1
github.com/happy-sdk/happy/pkg/fsutils/fsutils.go:170.16,172.81 2 0
github.com/happy-sdk/happy/pkg/fsutils/fsutils.go:173.17,174.68 1 0
github.com/happy-sdk/happy/pkg/fsutils/fsutils.go:174.68,176.4 1 0
github.com/happy-sdk/happy/pkg/fsutils/fsutils.go:177.3,177.87 1 0
github.com/happy-sdk/happy/pkg/fsutils/fsutils.go:178.10,180.51 2 0
github.com/happy-sdk/happy/pkg/fsutils/fsutils_unix.go:23.50,26.16 3 1
github.com/happy-sdk/happy/pkg/fsutils/fsutils_unix.go:26.16,28.3 1 1
github.com/happy-sdk/happy/pkg/fsutils/fsutils_unix.go:29.2,29.54 1 1
github.com/happy-sdk/happy/pkg/fsutils/fsutils_unix.go:32.40,36.14 2 1
github.com/happy-sdk/happy/pkg/fsutils/fsutils_unix.go:36.14,37.32 1 0
github.com/happy-sdk/happy/pkg/fsutils/fsutils_unix.go:37.32,39.4 1 0
github.com/happy-sdk/happy/pkg/fsutils/fsutils_unix.go:40.3,40.40 1 0
github.com/happy-sdk/happy/pkg/fsutils/fsutils_unix.go:44.2,44.66 1 1
github.com/happy-sdk/happy/pkg/fsutils/fsutils_unix.go:44.66,46.3 1 1
github.com/happy-sdk/happy/pkg/fsutils/fsutils_unix.go:49.2,50.41 2 0
github.com/happy-sdk/happy/pkg/fsutils/fsutils_unix.go:50.41,52.3 1 0
github.com/happy-sdk/happy/pkg/fsutils/fsutils_unix.go:55.2,55.39 1 0
github.com/happy-sdk/happy/pkg/fsutils/fsutils_unix.go:58.45,60.16 2 1
github.com/happy-sdk/happy/pkg/fsutils/fsutils_unix.go:60.16,62.3 1 0
github.com/happy-sdk/happy/pkg/fsutils/fsutils_unix.go:64.2,66.36 3 1
github.com/happy-sdk/happy/pkg/fsutils/fsutils_unix.go:66.36,74.3 1 1
github.com/happy-sdk/happy/pkg/fsutils/fsutils_unix.go:75.2,75.16 1 1
github.com/happy-sdk/happy/pkg/fsutils/fsutils_unix.go:75.16,77.3 1 0
github.com/happy-sdk/happy/pkg/fsutils/fsutils_unix.go:78.2,78.21 1 1
github.com/happy-sdk/happy/pkg/fsutils/fsutils_unix.go:78.21,80.3 1 0
github.com/happy-sdk/happy/pkg/fsutils/fsutils_unix.go:82.2,96.8 1 1
github.com/happy-sdk/happy/pkg/fsutils/fsutils_unix.go:99.42,108.16 3 1
github.com/happy-sdk/happy/pkg/fsutils/fsutils_unix.go:108.16,110.3 1 1
github.com/happy-sdk/happy/pkg/fsutils/fsutils_unix.go:112.2,128.8 1 1
github.com/happy-sdk/happy/pkg/fsutils/fsutils_unix.go:131.53,133.16 2 1
github.com/happy-sdk/happy/pkg/fsutils/fsutils_unix.go:133.16,135.3 1 0
github.com/happy-sdk/happy/pkg/fsutils/fsutils_unix.go:137.2,141.36 4 1
github.com/happy-sdk/happy/pkg/fsutils/fsutils_unix.go:141.36,143.3 1 1
github.com/happy-sdk/happy/pkg/fsutils/fsutils_unix.go:144.2,144.16 1 1
github.com/happy-sdk/happy/pkg/fsutils/fsutils_unix.go:144.16,146.3 1 0
github.com/happy-sdk/happy/pkg/fsutils/fsutils_unix.go:147.2,147.21 1 1
github.com/happy-sdk/happy/pkg/fsutils/fsutils_unix.go:147.21,148.77 1 0
github.com/happy-sdk/happy/pkg/fsutils/fsutils_unix.go:148.77,150.4 1 0
github.com/happy-sdk/happy/pkg/fsutils/fsutils_unix.go:151.3,151.51 1 0
github.com/happy-sdk/happy/pkg/fsutils/fsutils_unix.go:155.2,155.56 1 1
github.com/happy-sdk/happy/pkg/fsutils/fsutils_unix.go:158.50,161.16 3 1
github.com/happy-sdk/happy/pkg/fsutils/fsutils_unix.go:161.16,162.67 1 0
github.com/happy-sdk/happy/pkg/fsutils/fsutils_unix.go:162.67,164.4 1 0
github.com/happy-sdk/happy/pkg/fsutils/fsutils_unix.go:165.3,165.17 1 0
github.com/happy-sdk/happy/pkg/fsutils/fsutils_unix.go:169.2,169.56 1 1
github.com/happy-sdk/happy/pkg/fsutils/fsutils_unix.go:172.106,175.80 2 1
github.com/happy-sdk/happy/pkg/fsutils/fsutils_unix.go:175.80,176.17 1 1
github.com/happy-sdk/happy/pkg/fsutils/fsutils_unix.go:176.17,178.4 1 0
github.com/happy-sdk/happy/pkg/fsutils/fsutils_unix.go:179.3,179.16 1 1
github.com/happy-sdk/happy/pkg/fsutils/fsutils_unix.go:179.16,180.33 1 1
github.com/happy-sdk/happy/pkg/fsutils/fsutils_unix.go:180.33,182.5 1 0
github.com/happy-sdk/happy/pkg/fsutils/fsutils_unix.go:183.4,183.14 1 1
github.com/happy-sdk/happy/pkg/fsutils/fsutils_unix.go:186.3,187.17 2 1
github.com/happy-sdk/happy/pkg/fsutils/fsutils_unix.go:187.17,189.4 1 0
github.com/happy-sdk/happy/pkg/fsutils/fsutils_unix.go:191.3,191.12 1 1
github.com/happy-sdk/happy/pkg/fsutils/fsutils_unix.go:191.12,195.4 3 1
github.com/happy-sdk/happy/pkg/fsutils/fsutils_unix.go:195.9,196.33 1 1
github.com/happy-sdk/happy/pkg/fsutils/fsutils_unix.go:196.33,198.5 1 0
github.com/happy-sdk/happy/pkg/fsutils/fsutils_unix.go:199.4,199.32 1 1
github.com/happy-sdk/happy/pkg/fsutils/fsutils_unix.go:199.32,201.5 1 1
github.com/happy-sdk/happy/pkg/fsutils/fsutils_unix.go:203.3,203.13 1 1
github.com/happy-sdk/happy/pkg/fsutils/fsutils_unix.go:205.2,205.16 1 1
github.com/happy-sdk/happy/pkg/fsutils/fsutils_unix.go:205.16,207.3 1 0
github.com/happy-sdk/happy/pkg/fsutils/fsutils_unix.go:209.2,209.11 1 1
github.com/happy-sdk/happy/pkg/fsutils/fsutils_unix.go:209.11,211.3 1 1
github.com/happy-sdk/happy/pkg/fsutils/fsutils_unix.go:213.2,213.48 1 1
github.com/happy-sdk/happy/pkg/fsutils/rotatefile/rotatefile.go:51.28,52.30 1 0
github.com/happy-sdk/happy/pkg/fsutils/rotatefile/rotatefile.go:52.30,55.3 2 0
github.com/happy-sdk/happy/pkg/fsutils/rotatefile/rotatefile.go:60.40,61.15 1 0
github.com/happy-sdk/happy/pkg/fsutils/rotatefile/rotatefile.go:61.15,63.3 1 0
github.com/happy-sdk/happy/pkg/fsutils/rotatefile/rotatefile.go:64.2,64.30 1 0
github.com/happy-sdk/happy/pkg/fsutils/rotatefile/rotatefile.go:64.30,67.3 2 0
github.com/happy-sdk/happy/pkg/fsutils/rotatefile/rotatefile.go:74.54,75.15 1 0
github.com/happy-sdk/happy/pkg/fsutils/rotatefile/rotatefile.go:75.15,77.3 1 0
github.com/happy-sdk/happy/pkg/fsutils/rotatefile/rotatefile.go:78.2,78.30 1 0
github.com/happy-sdk/happy/pkg/fsutils/rotatefile/rotatefile.go:78.30,80.17 2 0
github.com/happy-sdk/happy/pkg/fsutils/rotatefile/rotatefile.go:80.17,82.4 1 0
github.com/happy-sdk/happy/pkg/fsutils/rotatefile/rotatefile.go:83.3,83.26 1 0
github.com/happy-sdk/happy/pkg/fsutils/rotatefile/rotatefile.go:83.26,84.49 1 0
github.com/happy-sdk/happy/pkg/fsutils/rotatefile/rotatefile.go:84.49,86.5 1 0
github.com/happy-sdk/happy/pkg/fsutils/rotatefile/rotatefile.go:88.3,90.13 3 0
github.com/happy-sdk/happy/pkg/fsutils/rotatefile/rotatefile.go:94.46,95.30 1 0
github.com/happy-sdk/happy/pkg/fsutils/rotatefile/rotatefile.go:95.30,98.3 2 0
github.com/happy-sdk/happy/pkg/fsutils/rotatefile/rotatefile.go:101.55,103.16 2 0
github.com/happy-sdk/happy/pkg/fsutils/rotatefile/rotatefile.go:103.16,105.3 1 0
github.com/happy-sdk/happy/pkg/fsutils/rotatefile/rotatefile.go:107.2,116.27 3 0
github.com/happy-sdk/happy/pkg/fsutils/rotatefile/rotatefile.go:116.27,117.35 1 0
github.com/happy-sdk/happy/pkg/fsutils/rotatefile/rotatefile.go:117.35,119.4 1 0
github.com/happy-sdk/happy/pkg/fsutils/rotatefile/rotatefile.go:122.2,122.39 1 0
github.com/happy-sdk/happy/pkg/fsutils/rotatefile/rotatefile.go:122.39,124.3 1 0
github.com/happy-sdk/happy/pkg/fsutils/rotatefile/rotatefile.go:126.2,126.23 1 0
github.com/happy-sdk/happy/pkg/fsutils/rotatefile/rotatefile.go:126.23,127.43 1 0
github.com/happy-sdk/happy/pkg/fsutils/rotatefile/rotatefile.go:127.43,129.4 1 0
github.com/happy-sdk/happy/pkg/fsutils/rotatefile/rotatefile.go:131.2,131.18 1 0
github.com/happy-sdk/happy/pkg/fsutils/rotatefile/rotatefile.go:134.52,137.20 3 0
github.com/happy-sdk/happy/pkg/fsutils/rotatefile/rotatefile.go:137.20,139.3 1 0
github.com/happy-sdk/happy/pkg/fsutils/rotatefile/rotatefile.go:140.2,140.25 1 0
github.com/happy-sdk/happy/pkg/fsutils/rotatefile/rotatefile.go:143.31,147.17 4 0
github.com/happy-sdk/happy/pkg/fsutils/rotatefile/rotatefile.go:147.17,150.3 2 0
github.com/happy-sdk/happy/pkg/fsutils/rotatefile/rotatefile.go:151.2,151.12 1 0
github.com/happy-sdk/happy/pkg/fsutils/rotatefile/rotatefile.go:158.54,162.2 3 0
github.com/happy-sdk/happy/pkg/fsutils/rotatefile/rotatefile.go:164.31,168.2 3 0
github.com/happy-sdk/happy/pkg/fsutils/rotatefile/rotatefile.go:170.30,174.2 3 0
github.com/happy-sdk/happy/pkg/fsutils/rotatefile/rotatefile.go:176.33,180.2 3 0
github.com/happy-sdk/happy/pkg/fsutils/rotatefile/rotatefile.go:182.46,186.2 3 0
github.com/happy-sdk/happy/pkg/fsutils/rotatefile/rotatefile.go:189.50,193.2 3 0
github.com/happy-sdk/happy/pkg/fsutils/rotatefile/rotatefile.go:195.38,199.2 3 0
github.com/happy-sdk/happy/pkg/fsutils/rotatefile/rotatefile.go:201.48,204.12 1 0
github.com/happy-sdk/happy/pkg/fsutils/rotatefile/rotatefile.go:204.12,206.35 2 0
github.com/happy-sdk/happy/pkg/fsutils/rotatefile/rotatefile.go:206.35,208.4 1 0
github.com/happy-sdk/happy/pkg/fsutils/rotatefile/rotatefile.go:212.2,214.16 3 0
github.com/happy-sdk/happy/pkg/fsutils/rotatefile/rotatefile.go:214.16,215.37 1 0
github.com/happy-sdk/happy/pkg/fsutils/rotatefile/rotatefile.go:215.37,217.4 1 0
github.com/happy-sdk/happy/pkg/fsutils/rotatefile/rotatefile.go:218.3,218.82 1 0
github.com/happy-sdk/happy/pkg/fsutils/rotatefile/rotatefile.go:221.2,223.20 2 0
github.com/happy-sdk/happy/pkg/fsutils/rotatefile/rotatefile.go:223.20,225.41 2 0
github.com/happy-sdk/happy/pkg/fsutils/rotatefile/rotatefile.go:225.41,227.4 1 0
github.com/happy-sdk/happy/pkg/fsutils/rotatefile/rotatefile.go:228.3,228.16 1 0
github.com/happy-sdk/happy/pkg/fsutils/rotatefile/rotatefile.go:231.2,231.58 1 0
github.com/happy-sdk/happy/pkg/fsutils/rotatefile/rotatefile.go:231.58,232.68 1 0
github.com/happy-sdk/happy/pkg/fsutils/rotatefile/rotatefile.go:232.68,234.4 1 0
github.com/happy-sdk/happy/pkg/fsutils/rotatefile/rotatefile.go:237.2,237.60 1 0
github.com/happy-sdk/happy/pkg/fsutils/rotatefile/rotatefile.go:237.60,239.3 1 0
github.com/happy-sdk/happy/pkg/fsutils/rotatefile/rotatefile.go:241.2,241.37 1 0
github.com/happy-sdk/happy/pkg/fsutils/rotatefile/rotatefile.go:241.37,243.3 1 0
github.com/happy-sdk/happy/pkg/fsutils/rotatefile/rotatefile.go:245.2,246.12 2 0
github.com/happy-sdk/happy/pkg/fsutils/rotatefile/rotatefile.go:251.50,254.20 3 0
github.com/happy-sdk/happy/pkg/fsutils/rotatefile/rotatefile.go:254.20,256.3 1 0
github.com/happy-sdk/happy/pkg/fsutils/rotatefile/rotatefile.go:257.2,258.16 2 0
github.com/happy-sdk/happy/pkg/fsutils/rotatefile/rotatefile.go:258.16,260.3 1 0
github.com/happy-sdk/happy/pkg/fsutils/rotatefile/rotatefile.go:261.2,261.15 1 0
github.com/happy-sdk/happy/pkg/fsutils/rotatefile/rotatefile.go:264.39,265.20 1 0
github.com/happy-sdk/happy/pkg/fsutils/rotatefile/rotatefile.go:265.20,266.41 1 0
github.com/happy-sdk/happy/pkg/fsutils/rotatefile/rotatefile.go:266.41,268.4 1 0
github.com/happy-sdk/happy/pkg/fsutils/rotatefile/rotatefile.go:271.2,272.16 2 0
github.com/happy-sdk/happy/pkg/fsutils/rotatefile/rotatefile.go:272.16,274.3 1 0
github.com/happy-sdk/happy/pkg/fsutils/rotatefile/rotatefile.go:276.2,278.16 3 0
github.com/happy-sdk/happy/pkg/fsutils/rotatefile/rotatefile.go:278.16,280.3 1 0
github.com/happy-sdk/happy/pkg/fsutils/rotatefile/rotatefile.go:281.2,284.30 2 0
github.com/happy-sdk/happy/pkg/fsutils/rotatefile/rotatefile.go:284.30,287.17 3 0
github.com/happy-sdk/happy/pkg/fsutils/rotatefile/rotatefile.go:287.17,289.4 1 0
github.com/happy-sdk/happy/pkg/fsutils/rotatefile/rotatefile.go:290.3,290.51 1 0
github.com/happy-sdk/happy/pkg/fsutils/rotatefile/rotatefile.go:290.51,293.4 2 0
github.com/happy-sdk/happy/pkg/fsutils/rotatefile/rotatefile.go:293.9,296.4 2 0
github.com/happy-sdk/happy/pkg/fsutils/rotatefile/rotatefile.go:298.2,298.16 1 0
github.com/happy-sdk/happy/pkg/fsutils/rotatefile/rotatefile.go:303.50,304.20 1 0
github.com/happy-sdk/happy/pkg/fsutils/rotatefile/rotatefile.go:304.20,306.3 1 0
github.com/happy-sdk/happy/pkg/fsutils/rotatefile/rotatefile.go:307.2,307.34 1 0
github.com/happy-sdk/happy/pkg/fsutils/rotatefile/rotatefile.go:311.68,313.24 2 0
github.com/happy-sdk/happy/pkg/fsutils/rotatefile/rotatefile.go:313.24,315.3 1 0
github.com/happy-sdk/happy/pkg/fsutils/rotatefile/rotatefile.go:316.2,320.81 4 0
github.com/happy-sdk/happy/pkg/fsutils/rotatefile/rotatefile.go:325.71,328.24 3 0
github.com/happy-sdk/happy/pkg/fsutils/rotatefile/rotatefile.go:328.24,330.3 1 0
github.com/happy-sdk/happy/pkg/fsutils/rotatefile/rotatefile.go:331.2,341.22 5 0
github.com/happy-sdk/happy/pkg/fsutils/rotatefile/rotatefile.go:341.22,342.43 1 0
github.com/happy-sdk/happy/pkg/fsutils/rotatefile/rotatefile.go:342.43,345.4 1 0
github.com/happy-sdk/happy/pkg/fsutils/rotatefile/rotatefile.go:347.3,347.19 1 0
github.com/happy-sdk/happy/pkg/fsutils/rotatefile/rotatefile.go:350.2,351.32 2 0
github.com/happy-sdk/happy/pkg/fsutils/rotatefile/rotatefile.go:351.32,353.3 1 0
github.com/happy-sdk/happy/pkg/fsutils/rotatefile/rotatefile.go:356.2,356.93 1 0
github.com/happy-sdk/happy/pkg/fsutils/rotatefile/rotatefile.go:360.97,365.25 5 0
github.com/happy-sdk/happy/pkg/fsutils/rotatefile/rotatefile.go:365.25,367.3 1 0
github.com/happy-sdk/happy/pkg/fsutils/rotatefile/rotatefile.go:369.2,371.22 2 0
github.com/happy-sdk/happy/pkg/fsutils/rotatefile/rotatefile.go:371.22,373.3 1 0
github.com/happy-sdk/happy/pkg/fsutils/rotatefile/rotatefile.go:375.2,376.39 2 0
github.com/happy-sdk/happy/pkg/fsutils/rotatefile/rotatefile.go:382.64,384.16 2 0
github.com/happy-sdk/happy/pkg/fsutils/rotatefile/rotatefile.go:384.16,386.3 1 0
github.com/happy-sdk/happy/pkg/fsutils/rotatefile/rotatefile.go:388.2,391.32 3 0
github.com/happy-sdk/happy/pkg/fsutils/rotatefile/rotatefile.go:391.32,392.20 1 0
github.com/happy-sdk/happy/pkg/fsutils/rotatefile/rotatefile.go:392.20,393.12 1 0
github.com/happy-sdk/happy/pkg/fsutils/rotatefile/rotatefile.go:396.3,399.80 2 0
github.com/happy-sdk/happy/pkg/fsutils/rotatefile/rotatefile.go:399.80,400.12 1 0
github.com/happy-sdk/happy/pkg/fsutils/rotatefile/rotatefile.go:403.3,405.27 2 0
github.com/happy-sdk/happy/pkg/fsutils/rotatefile/rotatefile.go:405.27,406.12 1 0
github.com/happy-sdk/happy/pkg/fsutils/rotatefile/rotatefile.go:409.3,409.83 1 0
github.com/happy-sdk/happy/pkg/fsutils/rotatefile/rotatefile.go:409.83,411.4 1 0
github.com/happy-sdk/happy/pkg/fsutils/rotatefile/rotatefile.go:414.2,414.20 1 0
github.com/happy-sdk/happy/pkg/fsutils/rotatefile/rotatefile.go:418.33,419.13 1 0
github.com/happy-sdk/happy/pkg/fsutils/rotatefile/rotatefile.go:419.13,421.3 1 0
github.com/happy-sdk/happy/pkg/fsutils/rotatefile/rotatefile.go:422.2,422.22 1 0
github.com/happy-sdk/happy/pkg/fsutils/rotatefile/rotatefile.go:422.22,423.25 1 0
github.com/happy-sdk/happy/pkg/fsutils/rotatefile/rotatefile.go:423.25,425.4 1 0
github.com/happy-sdk/happy/pkg/fsutils/rotatefile/rotatefile.go:427.2,427.13 1 0
